<?xml version="1.0" encoding="UTF-8"?>
<!-- Generated by org.testng.reporters.JUnitReportReporter -->
<testsuite hostname="Royal-PC" name="seleniumweb.Test_Amazon" tests="2" failures="0" timestamp="14 Feb 2021 11:25:15 GMT" time="29.986" errors="0">
  <testcase name="AmazonSigninPageTitleVerification" time="12.441" classname="seleniumweb.Test_Amazon"/>
  <testcase name="AmazonHomePageTitleVerification" time="17.545" classname="seleniumweb.Test_Amazon"/>
</testsuite> <!-- seleniumweb.Test_Amazon -->
