<?xml version="1.0" encoding="UTF-8"?>
<!-- Generated by org.testng.reporters.JUnitReportReporter -->
<testsuite hostname="Royal-PC" name="seleniumweb.Test_Myntra" tests="2" failures="0" timestamp="14 Feb 2021 11:25:15 GMT" time="38.224" errors="0">
  <testcase name="AmazonHomePageTitleVerification" time="28.246" classname="seleniumweb.Test_Myntra"/>
  <testcase name="AmazonSigninPageTitleVerification" time="9.978" classname="seleniumweb.Test_Myntra"/>
</testsuite> <!-- seleniumweb.Test_Myntra -->
