<?xml version="1.0" encoding="UTF-8"?>
<!-- Generated by org.testng.reporters.JUnitReportReporter -->
<testsuite hostname="Royal-PC" name="AppiumAutomation.Test_Amazon" tests="2" failures="0" timestamp="13 Feb 2021 11:48:58 GMT" time="34.455" errors="0">
  <testcase name="AmazonSigninPageTitleVerification" time="9.494" classname="AppiumAutomation.Test_Amazon"/>
  <testcase name="AmazonHomePageTitleVerification" time="24.961" classname="AppiumAutomation.Test_Amazon"/>
</testsuite> <!-- AppiumAutomation.Test_Amazon -->
