<?xml version="1.0" encoding="UTF-8"?>
<!-- Generated by org.testng.reporters.JUnitReportReporter -->
<testsuite hostname="Royal-PC" name="AppiumAutomation.Test_Id003" tests="1" failures="0" timestamp="18 Dec 2020 18:16:59 GMT" time="10.825" errors="0">
  <testcase name="LoginMyntra" time="10.825" classname="AppiumAutomation.Test_Id003"/>
</testsuite> <!-- AppiumAutomation.Test_Id003 -->
