<?xml version="1.0" encoding="UTF-8"?>
<!-- Generated by org.testng.reporters.JUnitReportReporter -->
<testsuite hostname="Royal-PC" name="AppiumAutomation.Test_Myntra" tests="2" failures="0" timestamp="13 Feb 2021 11:46:12 GMT" time="31.714" errors="0">
  <testcase name="AmazonSigninPageTitleVerification" time="8.073" classname="AppiumAutomation.Test_Myntra"/>
  <testcase name="AmazonHomePageTitleVerification" time="23.641" classname="AppiumAutomation.Test_Myntra"/>
</testsuite> <!-- AppiumAutomation.Test_Myntra -->
