<?xml version="1.0" encoding="UTF-8"?>
<!-- Generated by org.testng.reporters.JUnitReportReporter -->
<testsuite skipped="0" hostname="Royal-PC" name="seleniumweb.Test_Myntra" tests="2" failures="0" timestamp="14 Feb 2021 11:38:31 GMT" time="42.437" errors="0">
  <testcase name="AmazonSigninPageTitleVerification" time="17.220" classname="seleniumweb.Test_Myntra"/>
  <testcase name="AmazonHomePageTitleVerification" time="25.217" classname="seleniumweb.Test_Myntra"/>
</testsuite> <!-- seleniumweb.Test_Myntra -->
