<?xml version="1.0" encoding="UTF-8"?>
<!-- Generated by org.testng.reporters.JUnitReportReporter -->
<testsuite skipped="0" hostname="Royal-PC" name="seleniumweb.Test_Amazon" tests="2" failures="0" timestamp="14 Feb 2021 11:38:31 GMT" time="29.360" errors="0">
  <testcase name="AmazonHomePageTitleVerification" time="15.108" classname="seleniumweb.Test_Amazon"/>
  <testcase name="AmazonSigninPageTitleVerification" time="14.252" classname="seleniumweb.Test_Amazon"/>
</testsuite> <!-- seleniumweb.Test_Amazon -->
